<?xml version="1.0" encoding="UTF-8"?>
<!-- Generated by org.testng.reporters.JUnitXMLReporter -->
<testsuite ignored="0" hostname="DESKTOP-LLGB7EP" failures="0" tests="3" name="ChromeTest" time="0.566" errors="0" timestamp="2021-01-17T23:31:30 EET">
  <testcase classname="base.TestBase" name="@BeforeSuite intialization" time="-1.610919090022E9">
    <failure type="org.testng.TestNGException" message="
Parameter &amp;apos;browser&amp;apos; is required by BeforeSuite on method intialization but has not been marked @Optional or defined
in C:\Users\khale\eclipse-workspace\ExpediaProject(GUI)\testng.xml">
      <![CDATA[org.testng.TestNGException: 
Parameter 'browser' is required by BeforeSuite on method intialization but has not been marked @Optional or defined
in C:\Users\khale\eclipse-workspace\ExpediaProject(GUI)\testng.xml
... Removed 16 stack frames]]>
    </failure>
  </testcase> <!-- @BeforeSuite intialization -->
  <testcase classname="testing.SearchTest" name="@BeforeTest setup" time="-1.610919090042E9">
    <skipped/>
  </testcase> <!-- @BeforeTest setup -->
  <testcase classname="testing.SearchTest" name="@AfterMethod getResult" time="-1.6109190906E9">
    <skipped/>
  </testcase> <!-- @AfterMethod getResult -->
</testsuite> <!-- ChromeTest -->
