<?xml version="1.0" encoding="UTF-8"?>
<!-- Generated by org.testng.reporters.JUnitXMLReporter -->
<testsuite ignored="0" hostname="DESKTOP-LLGB7EP" failures="0" tests="1" name="Default test" time="0.55" errors="0" timestamp="2021-01-18T00:41:58 EET">
  <testcase classname="base.TestBase" name="@BeforeTest intialization" time="-1.610923318232E9">
    <failure type="org.testng.TestNGException" message="
Parameter &amp;apos;browser&amp;apos; is required by BeforeTest on method intialization but has not been marked @Optional or defined
in C:\Users\khale\AppData\Local\Temp\testng-eclipse-1335974279\testng-customsuite.xml">
      <![CDATA[org.testng.TestNGException: 
Parameter 'browser' is required by BeforeTest on method intialization but has not been marked @Optional or defined
in C:\Users\khale\AppData\Local\Temp\testng-eclipse-1335974279\testng-customsuite.xml
at org.testng.internal.Parameters.createParams(Parameters.java:272)
at org.testng.internal.Parameters.createParametersForMethod(Parameters.java:360)
at org.testng.internal.Parameters.createParameters(Parameters.java:704)
at org.testng.internal.Parameters.createConfigurationParameters(Parameters.java:166)
at org.testng.internal.ConfigInvoker.invokeConfigurations(ConfigInvoker.java:283)
at org.testng.TestRunner.invokeTestConfigurations(TestRunner.java:619)
at org.testng.TestRunner.beforeRun(TestRunner.java:609)
at org.testng.TestRunner.run(TestRunner.java:580)
at org.testng.SuiteRunner.runTest(SuiteRunner.java:384)
at org.testng.SuiteRunner.runSequentially(SuiteRunner.java:378)
at org.testng.SuiteRunner.privateRun(SuiteRunner.java:337)
at org.testng.SuiteRunner.run(SuiteRunner.java:286)
at org.testng.SuiteRunnerWorker.runSuite(SuiteRunnerWorker.java:53)
at org.testng.SuiteRunnerWorker.run(SuiteRunnerWorker.java:96)
at org.testng.TestNG.runSuitesSequentially(TestNG.java:1187)
at org.testng.TestNG.runSuitesLocally(TestNG.java:1109)
at org.testng.TestNG.runSuites(TestNG.java:1039)
at org.testng.TestNG.run(TestNG.java:1007)
at org.testng.remote.AbstractRemoteTestNG.run(AbstractRemoteTestNG.java:115)
at org.testng.remote.RemoteTestNG.initAndRun(RemoteTestNG.java:251)
at org.testng.remote.RemoteTestNG.main(RemoteTestNG.java:77)
]]>
    </failure>
  </testcase> <!-- @BeforeTest intialization -->
  <testcase classname="testing.SearchTest" name="@BeforeTest setup" time="-1.610923318244E9">
    <skipped/>
  </testcase> <!-- @BeforeTest setup -->
  <testcase classname="testing.SearchTest" name="@AfterMethod getResult" time="-1.610923318775E9">
    <skipped/>
  </testcase> <!-- @AfterMethod getResult -->
  <testcase classname="base.TestBase" name="@AfterTest endReport" time="-1.610923318777E9">
    <skipped/>
  </testcase> <!-- @AfterTest endReport -->
  <testcase classname="testing.SearchTest" name="testSearch" time="0.0">
    <skipped/>
  </testcase> <!-- testSearch -->
</testsuite> <!-- Default test -->
